Executing 410 suites with 3 JVMs.

Started J0 PID(9132@localhost).
Started J1 PID(8348@localhost).
Started J2 PID(2236@localhost).
HEARTBEAT J2 PID(2236@localhost): 2015-09-19T12:22:42, stalled for 66.8s at: TestTimSorterWorstCase.testWorstCaseStackSize
  2> NOTE: test params are: codec=Asserting(Lucene53): {}, docValues:{}, sim=RandomSimilarityProvider(queryNorm=false,coord=yes): {}, locale=es_SV, timezone=Asia/Taipei
  2> NOTE: Windows 7 6.1 x86/Oracle Corporation 1.8.0_05 (32-bit)/cpus=4,threads=1,free=53496384,total=141484032
  2> NOTE: All tests run in this JVM: [TestDuelingCodecs, TestFilterLeafReader, TestSegmentMerger, TestBooleanMinShouldMatch, TestNoMergeScheduler, TestPerFieldDocValuesFormat, TestFuzzyQuery, TestCrashCausesCorruptIndex, TestSpanCollection, TestForUtil, TestFieldReuse, TestConstantScoreQuery, TestRoaringDocIdSet, Test2BPostingsBytes, TestThreadedForceMerge, LimitedFiniteStringsIteratorTest, Test2BPagedBytes, Test2BPositions, TestTermVectorsWriter, TestIndexWriterDeleteByQuery, TestSearchAfter, TestTimSorter, TestPayloadBasics, TestSimilarity2, TestIndexWriterFromReader, TestSearch, TestExceedMaxTermLength, TestNoDeletionPolicy, TestIntroSorter, TestConjunctions, TestBooleanQuery, TestDocumentWriter, TestSpanFirstQuery, TestPayloadSpans, TestStringHelper, TestDocValuesIndexing, TestFlushByRamOrCountsPolicy, TestLucene50TermVectorsFormat, TestReaderClosed, TestSimpleAttributeImpl, TestNRTCachingDirectory, TestNot, TestIndexWriterThreadsToSegments, TestSizeBoundedForceMerge, TestSegmentTermDocs, TestPrefixInBooleanQuery, TestMixedCodecs, TestManyFields, TestSpanSearchEquivalence, TestMatchAllDocsQuery, TestBoolean2, TestPrefixRandom, TestReusableStringReader, TestAllFilesHaveChecksumFooter, TestSubScorerFreqs, Test4GBStoredFields, TestParallelReaderEmptyIndex, TestCharTermAttributeImpl, TestTrackingDirectoryWrapper, TestMultiPhraseEnum, TestNumericDocValuesUpdates, TestFlex, TestTwoPhaseCommitTool, TestDeterminizeLexicon, TestSortRandom, TestWildcardRandom, TestFilterCachingPolicy, TestIndexWriterMerging, TestFSTs, TestPackedInts, TestMultiMMap, TestBooleanOr, TestIndexWriterDelete, TestPersistentSnapshotDeletionPolicy, TestStressAdvance, TestDirectoryReaderReopen, TestConcurrentMergeScheduler, TestTieredMergePolicy, TestArrayUtil, TestByteSlices, TestConsistentFieldNumbers, TestWeakIdentityMap, TestSimpleExplanations, TestLockFactory, TestPhraseQuery, TestCollectionUtil, TestFixedBitSet, TestPagedBytes]
  2> NOTE: reproduce with: ant test  -Dtestcase=TestPagedBytes -Dtests.seed=1A42FDEABBDC344A -Dtests.slow=true -Dtests.locale=es_SV -Dtests.timezone=Asia/Taipei -Dtests.asserts=true -Dtests.file.encoding=ISO-8859-1
[12:24:59.079] ERROR   0.00s J1 | TestPagedBytes (suite) <<<
   > Throwable #1: java.io.IOException: Could not remove the following files (in the order of attempts):
   >    C:\Users\SAQIB\Downloads\lucene-5.3.0-src\lucene-5.3.0\build\core\test\J1\temp\lucene.util.TestPagedBytes_1A42FDEABBDC344A-001\testOverflow-005: java.nio.file.AccessDeniedException: C:\Users\SAQIB\Downloads\lucene-5.3.0-src\lucene-5.3.0\build\core\test\J1\temp\lucene.util.TestPagedBytes_1A42FDEABBDC344A-001\testOverflow-005
   >    C:\Users\SAQIB\Downloads\lucene-5.3.0-src\lucene-5.3.0\build\core\test\J1\temp\lucene.util.TestPagedBytes_1A42FDEABBDC344A-001: java.nio.file.DirectoryNotEmptyException: C:\Users\SAQIB\Downloads\lucene-5.3.0-src\lucene-5.3.0\build\core\test\J1\temp\lucene.util.TestPagedBytes_1A42FDEABBDC344A-001
   > 
   > 	at __randomizedtesting.SeedInfo.seed([1A42FDEABBDC344A]:0)
   > 	at org.apache.lucene.util.IOUtils.rm(IOUtils.java:295)
   > 	at org.apache.lucene.util.TestRuleTemporaryFilesCleanup.afterAlways(TestRuleTemporaryFilesCleanup.java:215)
   > 	at com.carrotsearch.randomizedtesting.rules.TestRuleAdapter$1.afterAlways(TestRuleAdapter.java:31)
   > 	at com.carrotsearch.randomizedtesting.rules.StatementAdapter.evaluate(StatementAdapter.java:43)
   > 	at com.carrotsearch.randomizedtesting.rules.StatementAdapter.evaluate(StatementAdapter.java:36)
   > 	at org.apache.lucene.util.TestRuleAssertionsRequired$1.evaluate(TestRuleAssertionsRequired.java:54)
   > 	at org.apache.lucene.util.TestRuleMarkFailure$1.evaluate(TestRuleMarkFailure.java:48)
   > 	at org.apache.lucene.util.TestRuleIgnoreAfterMaxFailures$1.evaluate(TestRuleIgnoreAfterMaxFailures.java:65)
   > 	at org.apache.lucene.util.TestRuleIgnoreTestSuites$1.evaluate(TestRuleIgnoreTestSuites.java:55)
   > 	at com.carrotsearch.randomizedtesting.rules.StatementAdapter.evaluate(StatementAdapter.java:36)
   > 	at com.carrotsearch.randomizedtesting.ThreadLeakControl$StatementRunner.run(ThreadLeakControl.java:365)
   > 	at java.lang.Thread.run(Thread.java:745)
HEARTBEAT J0 PID(9132@localhost): 2015-09-19T12:28:10, stalled for 65.9s at: TestLucene50CompoundFormat.testLargeCFS
HEARTBEAT J0 PID(9132@localhost): 2015-09-19T12:30:05, stalled for  181s at: TestLucene50CompoundFormat.testLargeCFS
HEARTBEAT J0 PID(9132@localhost): 2015-09-19T12:31:06, stalled for  242s at: TestLucene50CompoundFormat.testLargeCFS
HEARTBEAT J0 PID(9132@localhost): 2015-09-19T12:32:06, stalled for  302s at: TestLucene50CompoundFormat.testLargeCFS
HEARTBEAT J0 PID(9132@localhost): 2015-09-19T12:33:07, stalled for  363s at: TestLucene50CompoundFormat.testLargeCFS
HEARTBEAT J0 PID(9132@localhost): 2015-09-19T12:34:07, stalled for  423s at: TestLucene50CompoundFormat.testLargeCFS
HEARTBEAT J0 PID(9132@localhost): 2015-09-19T12:35:07, stalled for  483s at: TestLucene50CompoundFormat.testLargeCFS
HEARTBEAT J0 PID(9132@localhost): 2015-09-19T12:36:07, stalled for  543s at: TestLucene50CompoundFormat.testLargeCFS
HEARTBEAT J0 PID(9132@localhost): 2015-09-19T12:37:07, stalled for  603s at: TestLucene50CompoundFormat.testLargeCFS

Tests with failures:
  - org.apache.lucene.util.TestPagedBytes (suite)


